This is pdfTeX, Version 3.141592653-2.6-1.40.27 (MiKTeX 25.3) (preloaded format=pdflatex 2025.3.27)  3 APR 2025 13:43
entering extended mode
 restricted \write18 enabled.
 %&-line parsing enabled.
**"C:/Users/Kerwin Loh/Desktop/SIT/Year 2/Tri 2/Software Design/Project/ICT2112
_SD_ClassRepo/ICT2106WebApp/wwwroot/pdfs/document.tex"

(C:/Users/Kerwin Loh/Desktop/SIT/Year 2/Tri 2/Software Design/Project/ICT2112_S
D_ClassRepo/ICT2106WebApp/wwwroot/pdfs/document.tex
LaTeX2e <2024-11-01> patch level 2
L3 programming layer <2025-01-18>
(C:\Users\Kerwin Loh\AppData\Local\Programs\MiKTeX\tex/latex/base\article.cls
Document Class: article 2024/06/29 v1.4n Standard LaTeX document class
(C:\Users\Kerwin Loh\AppData\Local\Programs\MiKTeX\tex/latex/base\size10.clo
File: size10.clo 2024/06/29 v1.4n Standard LaTeX file (size option)
)
\c@part=\count196
\c@section=\count197
\c@subsection=\count198
\c@subsubsection=\count199
\c@paragraph=\count266
\c@subparagraph=\count267
\c@figure=\count268
\c@table=\count269
\abovecaptionskip=\skip49
\belowcaptionskip=\skip50
\bibindent=\dimen141
)
(C:\Users\Kerwin Loh\AppData\Local\Programs\MiKTeX\tex/latex/l3backend\l3backen
d-pdftex.def
File: l3backend-pdftex.def 2024-05-08 L3 backend support: PDF output (pdfTeX)
\l__color_backend_stack_int=\count270
\l__pdf_internal_box=\box52
)
(C:\Users\Kerwin Loh\Desktop\SIT\Year 2\Tri 2\Software Design\Project\ICT2112_S
D_ClassRepo\ICT2106WebApp\wwwroot\pdfs\document.aux)
\openout1 = `document.aux'.

LaTeX Font Info:    Checking defaults for OML/cmm/m/it on input line 5.
LaTeX Font Info:    ... okay on input line 5.
LaTeX Font Info:    Checking defaults for OMS/cmsy/m/n on input line 5.
LaTeX Font Info:    ... okay on input line 5.
LaTeX Font Info:    Checking defaults for OT1/cmr/m/n on input line 5.
LaTeX Font Info:    ... okay on input line 5.
LaTeX Font Info:    Checking defaults for T1/cmr/m/n on input line 5.
LaTeX Font Info:    ... okay on input line 5.
LaTeX Font Info:    Checking defaults for TS1/cmr/m/n on input line 5.
LaTeX Font Info:    ... okay on input line 5.
LaTeX Font Info:    Checking defaults for OMX/cmex/m/n on input line 5.
LaTeX Font Info:    ... okay on input line 5.
LaTeX Font Info:    Checking defaults for U/cmr/m/n on input line 5.
LaTeX Font Info:    ... okay on input line 5.
LaTeX Font Info:    External font `cmex10' loaded for size
(Font)              <12> on input line 6.
LaTeX Font Info:    External font `cmex10' loaded for size
(Font)              <8> on input line 6.
LaTeX Font Info:    External font `cmex10' loaded for size
(Font)              <6> on input line 6.


[1

{C:/Users/Kerwin Loh/AppData/Local/MiKTeX/fonts/map/pdftex/pdftex.map}]
(C:\Users\Kerwin Loh\Desktop\SIT\Year 2\Tri 2\Software Design\Project\ICT2112_S
D_ClassRepo\ICT2106WebApp\wwwroot\pdfs\document.aux)
 ***********
LaTeX2e <2024-11-01> patch level 2
L3 programming layer <2025-01-18>
 ***********
 ) 
Here is how much of TeX's memory you used:
 472 strings out of 473523
 10069 string characters out of 5712174
 396593 words of memory out of 5000000
 23767 multiletter control sequences out of 15000+600000
 563604 words of font info for 52 fonts, out of 8000000 for 9000
 1141 hyphenation exceptions out of 8191
 35i,6n,50p,289b,197s stack positions out of 10000i,1000n,20000p,200000b,200000s
<C:/Users/Kerwin Loh/AppData/Local/Programs/MiKTeX/fonts/type1/public/amsfont
s/cm/cmbx10.pfb><C:/Users/Kerwin Loh/AppData/Local/Programs/MiKTeX/fonts/type1/
public/amsfonts/cm/cmbx12.pfb><C:/Users/Kerwin Loh/AppData/Local/Programs/MiKTe
X/fonts/type1/public/amsfonts/cm/cmr10.pfb><C:/Users/Kerwin Loh/AppData/Local/P
rograms/MiKTeX/fonts/type1/public/amsfonts/cm/cmr12.pfb><C:/Users/Kerwin Loh/Ap
pData/Local/Programs/MiKTeX/fonts/type1/public/amsfonts/cm/cmr17.pfb><C:/Users/
Kerwin Loh/AppData/Local/Programs/MiKTeX/fonts/type1/public/amsfonts/cm/cmss10.
pfb><C:/Users/Kerwin Loh/AppData/Local/Programs/MiKTeX/fonts/type1/public/amsfo
nts/cm/cmti10.pfb><C:/Users/Kerwin Loh/AppData/Local/Programs/MiKTeX/fonts/type
1/public/amsfonts/cm/cmtt10.pfb>
Output written on "C:\Users\Kerwin Loh\Desktop\SIT\Year 2\Tri 2\Software Design
\Project\ICT2112_SD_ClassRepo\ICT2106WebApp\wwwroot\pdfs\document.pdf" (1 page,
 102559 bytes).
PDF statistics:
 46 PDF objects out of 1000 (max. 8388607)
 0 named destinations out of 1000 (max. 500000)
 1 words of extra memory for PDF output out of 10000 (max. 10000000)

